# JRE version: OpenJDK Runtime Environment (8.0_112-b06) (build 1.8.0_112-release-b06)
# Java VM: OpenJDK 64-Bit Server VM (25.112-b06 mixed mode linux-amd64 compressed oops)
Heap:
 PSYoungGen      total 193536K, used 0K [0x00000000e0000000, 0x00000000ed900000, 0x0000000100000000)
  eden space 170496K, 0% used [0x00000000e0000000,0x00000000e0000000,0x00000000ea680000)
  from space 23040K, 0% used [0x00000000ebf80000,0x00000000ebf80000,0x00000000ed600000)
  to   space 25600K, 0% used [0x00000000ea680000,0x00000000ea680000,0x00000000ebf80000)
 ParOldGen       total 60928K, used 34656K [0x00000000a0000000, 0x00000000a3b80000, 0x00000000e0000000)
  object space 60928K, 56% used [0x00000000a0000000,0x00000000a21d80f0,0x00000000a3b80000)
 Metaspace       used 57065K, capacity 58944K, committed 59160K, reserved 1099776K
  class space    used 7595K, capacity 7991K, committed 8112K, reserved 1048576K
GC Heap History (10 events):
Event: 15.997 GC heap after
Heap after GC invocations=10 (full 2):
 PSYoungGen      total 131584K, used 0K [0x00000000e0000000, 0x00000000eb980000, 0x0000000100000000)
  eden space 121344K, 0% used [0x00000000e0000000,0x00000000e0000000,0x00000000e7680000)
  from space 10240K, 0% used [0x00000000e8200000,0x00000000e8200000,0x00000000e8c00000)
  to   space 11776K, 0% used [0x00000000e7680000,0x00000000e7680000,0x00000000e8200000)
 ParOldGen       total 60928K, used 15167K [0x00000000a0000000, 0x00000000a3b80000, 0x00000000e0000000)
  object space 60928K, 24% used [0x00000000a0000000,0x00000000a0ecff00,0x00000000a3b80000)
 Metaspace       used 34677K, capacity 35290K, committed 35496K, reserved 1079296K
  class space    used 4655K, capacity 4855K, committed 4912K, reserved 1048576K
}
Event: 21.636 GC heap before
{Heap before GC invocations=11 (full 2):
 PSYoungGen      total 131584K, used 121344K [0x00000000e0000000, 0x00000000eb980000, 0x0000000100000000)
  eden space 121344K, 100% used [0x00000000e0000000,0x00000000e7680000,0x00000000e7680000)
  from space 10240K, 0% used [0x00000000e8200000,0x00000000e8200000,0x00000000e8c00000)
  to   space 11776K, 0% used [0x00000000e7680000,0x00000000e7680000,0x00000000e8200000)
 ParOldGen       total 60928K, used 15167K [0x00000000a0000000, 0x00000000a3b80000, 0x00000000e0000000)
  object space 60928K, 24% used [0x00000000a0000000,0x00000000a0ecff00,0x00000000a3b80000)
 Metaspace       used 43657K, capacity 44652K, committed 44848K, reserved 1087488K
  class space    used 5863K, capacity 6109K, committed 6192K, reserved 1048576K
Event: 21.660 GC heap after
Heap after GC invocations=11 (full 2):
 PSYoungGen      total 133120K, used 11745K [0x00000000e0000000, 0x00000000ead80000, 0x0000000100000000)
  eden space 121344K, 0% used [0x00000000e0000000,0x00000000e0000000,0x00000000e7680000)
  from space 11776K, 99% used [0x00000000e7680000,0x00000000e81f85e8,0x00000000e8200000)
  to   space 13824K, 0% used [0x00000000ea000000,0x00000000ea000000,0x00000000ead80000)
 ParOldGen       total 60928K, used 15313K [0x00000000a0000000, 0x00000000a3b80000, 0x00000000e0000000)
  object space 60928K, 25% used [0x00000000a0000000,0x00000000a0ef4698,0x00000000a3b80000)
 Metaspace       used 43657K, capacity 44652K, committed 44848K, reserved 1087488K
  class space    used 5863K, capacity 6109K, committed 6192K, reserved 1048576K
}
Event: 29.161 GC heap before
{Heap before GC invocations=12 (full 2):
 PSYoungGen      total 133120K, used 133089K [0x00000000e0000000, 0x00000000ead80000, 0x0000000100000000)
  eden space 121344K, 100% used [0x00000000e0000000,0x00000000e7680000,0x00000000e7680000)
  from space 11776K, 99% used [0x00000000e7680000,0x00000000e81f85e8,0x00000000e8200000)
  to   space 13824K, 0% used [0x00000000ea000000,0x00000000ea000000,0x00000000ead80000)
 ParOldGen       total 60928K, used 15313K [0x00000000a0000000, 0x00000000a3b80000, 0x00000000e0000000)
  object space 60928K, 25% used [0x00000000a0000000,0x00000000a0ef4698,0x00000000a3b80000)
 Metaspace       used 50536K, capacity 52026K, committed 52272K, reserved 1093632K
  class space    used 6862K, capacity 7172K, committed 7216K, reserved 1048576K
Event: 29.201 GC heap after
Heap after GC invocations=12 (full 2):
 PSYoungGen      total 158208K, used 13824K [0x00000000e0000000, 0x00000000eb600000, 0x0000000100000000)
  eden space 144384K, 0% used [0x00000000e0000000,0x00000000e0000000,0x00000000e8d00000)
  from space 13824K, 100% used [0x00000000ea000000,0x00000000ead80000,0x00000000ead80000)
  to   space 19456K, 0% used [0x00000000e8d00000,0x00000000e8d00000,0x00000000ea000000)
 ParOldGen       total 60928K, used 26110K [0x00000000a0000000, 0x00000000a3b80000, 0x00000000e0000000)
  object space 60928K, 42% used [0x00000000a0000000,0x00000000a197f868,0x00000000a3b80000)
 Metaspace       used 50536K, capacity 52026K, committed 52272K, reserved 1093632K
  class space    used 6862K, capacity 7172K, committed 7216K, reserved 1048576K
}
Event: 101.585 GC heap before
{Heap before GC invocations=13 (full 2):
 PSYoungGen      total 158208K, used 158208K [0x00000000e0000000, 0x00000000eb600000, 0x0000000100000000)
  eden space 144384K, 100% used [0x00000000e0000000,0x00000000e8d00000,0x00000000e8d00000)
  from space 13824K, 100% used [0x00000000ea000000,0x00000000ead80000,0x00000000ead80000)
  to   space 19456K, 0% used [0x00000000e8d00000,0x00000000e8d00000,0x00000000ea000000)
 ParOldGen       total 60928K, used 26110K [0x00000000a0000000, 0x00000000a3b80000, 0x00000000e0000000)
  object space 60928K, 42% used [0x00000000a0000000,0x00000000a197f868,0x00000000a3b80000)
 Metaspace       used 53636K, capacity 55346K, committed 55600K, reserved 1097728K
  class space    used 7118K, capacity 7460K, committed 7472K, reserved 1048576K
Event: 102.196 GC heap after
Heap after GC invocations=13 (full 2):
 PSYoungGen      total 163840K, used 19441K [0x00000000e0000000, 0x00000000ed600000, 0x0000000100000000)
  eden space 144384K, 0% used [0x00000000e0000000,0x00000000e0000000,0x00000000e8d00000)
  from space 19456K, 99% used [0x00000000e8d00000,0x00000000e9ffc6d8,0x00000000ea000000)
  to   space 23040K, 0% used [0x00000000ebf80000,0x00000000ebf80000,0x00000000ed600000)
 ParOldGen       total 60928K, used 27266K [0x00000000a0000000, 0x00000000a3b80000, 0x00000000e0000000)
  object space 60928K, 44% used [0x00000000a0000000,0x00000000a1aa0a28,0x00000000a3b80000)
 Metaspace       used 53636K, capacity 55346K, committed 55600K, reserved 1097728K
  class space    used 7118K, capacity 7460K, committed 7472K, reserved 1048576K
}
Event: 157.645 GC heap before
{Heap before GC invocations=14 (full 2):
 PSYoungGen      total 163840K, used 62550K [0x00000000e0000000, 0x00000000ed600000, 0x0000000100000000)
  eden space 144384K, 29% used [0x00000000e0000000,0x00000000e2a19488,0x00000000e8d00000)
  from space 19456K, 99% used [0x00000000e8d00000,0x00000000e9ffc6d8,0x00000000ea000000)
  to   space 23040K, 0% used [0x00000000ebf80000,0x00000000ebf80000,0x00000000ed600000)
 ParOldGen       total 60928K, used 27266K [0x00000000a0000000, 0x00000000a3b80000, 0x00000000e0000000)
  object space 60928K, 44% used [0x00000000a0000000,0x00000000a1aa0a28,0x00000000a3b80000)
 Metaspace       used 57067K, capacity 58950K, committed 59160K, reserved 1099776K
  class space    used 7595K, capacity 7992K, committed 8112K, reserved 1048576K
Event: 158.022 GC heap after
Heap after GC invocations=14 (full 2):
 PSYoungGen      total 193536K, used 20008K [0x00000000e0000000, 0x00000000ed900000, 0x0000000100000000)
  eden space 170496K, 0% used [0x00000000e0000000,0x00000000e0000000,0x00000000ea680000)
  from space 23040K, 86% used [0x00000000ebf80000,0x00000000ed30a2b0,0x00000000ed600000)
  to   space 25600K, 0% used [0x00000000ea680000,0x00000000ea680000,0x00000000ebf80000)
 ParOldGen       total 60928K, used 27274K [0x00000000a0000000, 0x00000000a3b80000, 0x00000000e0000000)
  object space 60928K, 44% used [0x00000000a0000000,0x00000000a1aa2a28,0x00000000a3b80000)
 Metaspace       used 57067K, capacity 58950K, committed 59160K, reserved 1099776K
  class space    used 7595K, capacity 7992K, committed 8112K, reserved 1048576K
}
Event: 158.022 GC heap before
{Heap before GC invocations=15 (full 3):
 PSYoungGen      total 193536K, used 20008K [0x00000000e0000000, 0x00000000ed900000, 0x0000000100000000)
  eden space 170496K, 0% used [0x00000000e0000000,0x00000000e0000000,0x00000000ea680000)
  from space 23040K, 86% used [0x00000000ebf80000,0x00000000ed30a2b0,0x00000000ed600000)
  to   space 25600K, 0% used [0x00000000ea680000,0x00000000ea680000,0x00000000ebf80000)
 ParOldGen       total 60928K, used 27274K [0x00000000a0000000, 0x00000000a3b80000, 0x00000000e0000000)
  object space 60928K, 44% used [0x00000000a0000000,0x00000000a1aa2a28,0x00000000a3b80000)
 Metaspace       used 57067K, capacity 58950K, committed 59160K, reserved 1099776K
  class space    used 7595K, capacity 7992K, committed 8112K, reserved 1048576K

