# JRE version: OpenJDK Runtime Environment (8.0_112-b06) (build 1.8.0_112-release-b06)
# Java VM: OpenJDK 64-Bit Server VM (25.112-b06 mixed mode linux-amd64 compressed oops)
Heap:
 PSYoungGen      total 90624K, used 2528K [0x00000000e0000000, 0x00000000e7f80000, 0x0000000100000000)
  eden space 76800K, 0% used [0x00000000e0000000,0x00000000e0000000,0x00000000e4b00000)
  from space 13824K, 18% used [0x00000000e4b00000,0x00000000e4d78108,0x00000000e5880000)
  to   space 19968K, 0% used [0x00000000e6c00000,0x00000000e6c00000,0x00000000e7f80000)
 ParOldGen       total 51200K, used 50783K [0x00000000a0000000, 0x00000000a3200000, 0x00000000e0000000)
  object space 51200K, 99% used [0x00000000a0000000,0x00000000a3197eb0,0x00000000a3200000)
 Metaspace       used 55208K, capacity 57070K, committed 57216K, reserved 1099776K
  class space    used 7383K, capacity 7790K, committed 7808K, reserved 1048576K
GC Heap History (10 events):
Event: 29.848 GC heap after
Heap after GC invocations=21 (full 2):
 PSYoungGen      total 69632K, used 7144K [0x00000000e0000000, 0x00000000e5800000, 0x0000000100000000)
  eden space 62464K, 0% used [0x00000000e0000000,0x00000000e0000000,0x00000000e3d00000)
  from space 7168K, 99% used [0x00000000e3d00000,0x00000000e43fa200,0x00000000e4400000)
  to   space 8704K, 0% used [0x00000000e4f80000,0x00000000e4f80000,0x00000000e5800000)
 ParOldGen       total 51200K, used 20892K [0x00000000a0000000, 0x00000000a3200000, 0x00000000e0000000)
  object space 51200K, 40% used [0x00000000a0000000,0x00000000a14673d8,0x00000000a3200000)
 Metaspace       used 46357K, capacity 47702K, committed 47872K, reserved 1091584K
  class space    used 6308K, capacity 6626K, committed 6656K, reserved 1048576K
}
Event: 36.791 GC heap before
{Heap before GC invocations=22 (full 2):
 PSYoungGen      total 69632K, used 69608K [0x00000000e0000000, 0x00000000e5800000, 0x0000000100000000)
  eden space 62464K, 100% used [0x00000000e0000000,0x00000000e3d00000,0x00000000e3d00000)
  from space 7168K, 99% used [0x00000000e3d00000,0x00000000e43fa200,0x00000000e4400000)
  to   space 8704K, 0% used [0x00000000e4f80000,0x00000000e4f80000,0x00000000e5800000)
 ParOldGen       total 51200K, used 20892K [0x00000000a0000000, 0x00000000a3200000, 0x00000000e0000000)
  object space 51200K, 40% used [0x00000000a0000000,0x00000000a14673d8,0x00000000a3200000)
 Metaspace       used 50343K, capacity 51870K, committed 51968K, reserved 1093632K
  class space    used 6836K, capacity 7140K, committed 7168K, reserved 1048576K
Event: 36.831 GC heap after
Heap after GC invocations=22 (full 2):
 PSYoungGen      total 77312K, used 8693K [0x00000000e0000000, 0x00000000e5f80000, 0x0000000100000000)
  eden space 68608K, 0% used [0x00000000e0000000,0x00000000e0000000,0x00000000e4300000)
  from space 8704K, 99% used [0x00000000e4f80000,0x00000000e57fd7b8,0x00000000e5800000)
  to   space 12800K, 0% used [0x00000000e4300000,0x00000000e4300000,0x00000000e4f80000)
 ParOldGen       total 51200K, used 28512K [0x00000000a0000000, 0x00000000a3200000, 0x00000000e0000000)
  object space 51200K, 55% used [0x00000000a0000000,0x00000000a1bd8050,0x00000000a3200000)
 Metaspace       used 50343K, capacity 51870K, committed 51968K, reserved 1093632K
  class space    used 6836K, capacity 7140K, committed 7168K, reserved 1048576K
}
Event: 56.954 GC heap before
{Heap before GC invocations=23 (full 2):
 PSYoungGen      total 77312K, used 77301K [0x00000000e0000000, 0x00000000e5f80000, 0x0000000100000000)
  eden space 68608K, 100% used [0x00000000e0000000,0x00000000e4300000,0x00000000e4300000)
  from space 8704K, 99% used [0x00000000e4f80000,0x00000000e57fd7b8,0x00000000e5800000)
  to   space 12800K, 0% used [0x00000000e4300000,0x00000000e4300000,0x00000000e4f80000)
 ParOldGen       total 51200K, used 28512K [0x00000000a0000000, 0x00000000a3200000, 0x00000000e0000000)
  object space 51200K, 55% used [0x00000000a0000000,0x00000000a1bd8050,0x00000000a3200000)
 Metaspace       used 51984K, capacity 53570K, committed 53760K, reserved 1095680K
  class space    used 7043K, capacity 7404K, committed 7424K, reserved 1048576K
Event: 57.053 GC heap after
Heap after GC invocations=23 (full 2):
 PSYoungGen      total 81408K, used 2665K [0x00000000e0000000, 0x00000000e6500000, 0x0000000100000000)
  eden space 68608K, 0% used [0x00000000e0000000,0x00000000e0000000,0x00000000e4300000)
  from space 12800K, 20% used [0x00000000e4300000,0x00000000e459a608,0x00000000e4f80000)
  to   space 12800K, 0% used [0x00000000e5880000,0x00000000e5880000,0x00000000e6500000)
 ParOldGen       total 51200K, used 32607K [0x00000000a0000000, 0x00000000a3200000, 0x00000000e0000000)
  object space 51200K, 63% used [0x00000000a0000000,0x00000000a1fd7fc0,0x00000000a3200000)
 Metaspace       used 51984K, capacity 53570K, committed 53760K, reserved 1095680K
  class space    used 7043K, capacity 7404K, committed 7424K, reserved 1048576K
}
Event: 72.820 GC heap before
{Heap before GC invocations=24 (full 2):
 PSYoungGen      total 81408K, used 71273K [0x00000000e0000000, 0x00000000e6500000, 0x0000000100000000)
  eden space 68608K, 100% used [0x00000000e0000000,0x00000000e4300000,0x00000000e4300000)
  from space 12800K, 20% used [0x00000000e4300000,0x00000000e459a608,0x00000000e4f80000)
  to   space 12800K, 0% used [0x00000000e5880000,0x00000000e5880000,0x00000000e6500000)
 ParOldGen       total 51200K, used 32607K [0x00000000a0000000, 0x00000000a3200000, 0x00000000e0000000)
  object space 51200K, 63% used [0x00000000a0000000,0x00000000a1fd7fc0,0x00000000a3200000)
 Metaspace       used 54899K, capacity 56842K, committed 56960K, reserved 1097728K
  class space    used 7370K, capacity 7796K, committed 7808K, reserved 1048576K
Event: 72.974 GC heap after
Heap after GC invocations=24 (full 2):
 PSYoungGen      total 89600K, used 9572K [0x00000000e0000000, 0x00000000e6680000, 0x0000000100000000)
  eden space 76800K, 0% used [0x00000000e0000000,0x00000000e0000000,0x00000000e4b00000)
  from space 12800K, 74% used [0x00000000e5880000,0x00000000e61d9148,0x00000000e6500000)
  to   space 13824K, 0% used [0x00000000e4b00000,0x00000000e4b00000,0x00000000e5880000)
 ParOldGen       total 51200K, used 32615K [0x00000000a0000000, 0x00000000a3200000, 0x00000000e0000000)
  object space 51200K, 63% used [0x00000000a0000000,0x00000000a1fd9fc0,0x00000000a3200000)
 Metaspace       used 54899K, capacity 56842K, committed 56960K, reserved 1097728K
  class space    used 7370K, capacity 7796K, committed 7808K, reserved 1048576K
}
Event: 74.022 GC heap before
{Heap before GC invocations=25 (full 2):
 PSYoungGen      total 89600K, used 86372K [0x00000000e0000000, 0x00000000e6680000, 0x0000000100000000)
  eden space 76800K, 100% used [0x00000000e0000000,0x00000000e4b00000,0x00000000e4b00000)
  from space 12800K, 74% used [0x00000000e5880000,0x00000000e61d9148,0x00000000e6500000)
  to   space 13824K, 0% used [0x00000000e4b00000,0x00000000e4b00000,0x00000000e5880000)
 ParOldGen       total 51200K, used 32615K [0x00000000a0000000, 0x00000000a3200000, 0x00000000e0000000)
  object space 51200K, 63% used [0x00000000a0000000,0x00000000a1fd9fc0,0x00000000a3200000)
 Metaspace       used 55220K, capacity 57100K, committed 57216K, reserved 1099776K
  class space    used 7386K, capacity 7797K, committed 7808K, reserved 1048576K
Event: 74.056 GC heap after
Heap after GC invocations=25 (full 2):
 PSYoungGen      total 90624K, used 13807K [0x00000000e0000000, 0x00000000e7f80000, 0x0000000100000000)
  eden space 76800K, 0% used [0x00000000e0000000,0x00000000e0000000,0x00000000e4b00000)
  from space 13824K, 99% used [0x00000000e4b00000,0x00000000e587bfa0,0x00000000e5880000)
  to   space 19968K, 0% used [0x00000000e6c00000,0x00000000e6c00000,0x00000000e7f80000)
 ParOldGen       total 51200K, used 43755K [0x00000000a0000000, 0x00000000a3200000, 0x00000000e0000000)
  object space 51200K, 85% used [0x00000000a0000000,0x00000000a2abafc0,0x00000000a3200000)
 Metaspace       used 55220K, capacity 57100K, committed 57216K, reserved 1099776K
  class space    used 7386K, capacity 7797K, committed 7808K, reserved 1048576K
}
Event: 74.056 GC heap before
{Heap before GC invocations=26 (full 3):
 PSYoungGen      total 90624K, used 13807K [0x00000000e0000000, 0x00000000e7f80000, 0x0000000100000000)
  eden space 76800K, 0% used [0x00000000e0000000,0x00000000e0000000,0x00000000e4b00000)
  from space 13824K, 99% used [0x00000000e4b00000,0x00000000e587bfa0,0x00000000e5880000)
  to   space 19968K, 0% used [0x00000000e6c00000,0x00000000e6c00000,0x00000000e7f80000)
 ParOldGen       total 51200K, used 43755K [0x00000000a0000000, 0x00000000a3200000, 0x00000000e0000000)
  object space 51200K, 85% used [0x00000000a0000000,0x00000000a2abafc0,0x00000000a3200000)
 Metaspace       used 55220K, capacity 57100K, committed 57216K, reserved 1099776K
  class space    used 7386K, capacity 7797K, committed 7808K, reserved 1048576K

