# JRE version: OpenJDK Runtime Environment (8.0_112-b06) (build 1.8.0_112-release-b06)
# Java VM: OpenJDK 64-Bit Server VM (25.112-b06 mixed mode linux-amd64 compressed oops)
Heap:
 PSYoungGen      total 211456K, used 30216K [0x00000000e0000000, 0x00000000efb00000, 0x0000000100000000)
  eden space 173056K, 0% used [0x00000000e0000000,0x00000000e0000000,0x00000000ea900000)
  from space 38400K, 78% used [0x00000000ea900000,0x00000000ec682218,0x00000000ece80000)
  to   space 33280K, 0% used [0x00000000ece80000,0x00000000ece80000,0x00000000eef00000)
 ParOldGen       total 95232K, used 54026K [0x00000000a0000000, 0x00000000a5d00000, 0x00000000e0000000)
  object space 95232K, 56% used [0x00000000a0000000,0x00000000a34c2a40,0x00000000a5d00000)
 Metaspace       used 62909K, capacity 64840K, committed 65072K, reserved 1105920K
  class space    used 8241K, capacity 8663K, committed 8752K, reserved 1048576K
GC Heap History (10 events):
Event: 32.024 GC heap after
Heap after GC invocations=15 (full 2):
 PSYoungGen      total 142336K, used 18923K [0x00000000e0000000, 0x00000000ebe80000, 0x0000000100000000)
  eden space 123392K, 0% used [0x00000000e0000000,0x00000000e0000000,0x00000000e7880000)
  from space 18944K, 99% used [0x00000000e7880000,0x00000000e8afac50,0x00000000e8b00000)
  to   space 22528K, 0% used [0x00000000ea880000,0x00000000ea880000,0x00000000ebe80000)
 ParOldGen       total 61952K, used 28166K [0x00000000a0000000, 0x00000000a3c80000, 0x00000000e0000000)
  object space 61952K, 45% used [0x00000000a0000000,0x00000000a1b818e8,0x00000000a3c80000)
 Metaspace       used 57368K, capacity 59066K, committed 59160K, reserved 1099776K
  class space    used 7652K, capacity 8020K, committed 8112K, reserved 1048576K
}
Event: 32.024 GC heap before
{Heap before GC invocations=16 (full 3):
 PSYoungGen      total 142336K, used 18923K [0x00000000e0000000, 0x00000000ebe80000, 0x0000000100000000)
  eden space 123392K, 0% used [0x00000000e0000000,0x00000000e0000000,0x00000000e7880000)
  from space 18944K, 99% used [0x00000000e7880000,0x00000000e8afac50,0x00000000e8b00000)
  to   space 22528K, 0% used [0x00000000ea880000,0x00000000ea880000,0x00000000ebe80000)
 ParOldGen       total 61952K, used 28166K [0x00000000a0000000, 0x00000000a3c80000, 0x00000000e0000000)
  object space 61952K, 45% used [0x00000000a0000000,0x00000000a1b818e8,0x00000000a3c80000)
 Metaspace       used 57368K, capacity 59066K, committed 59160K, reserved 1099776K
  class space    used 7652K, capacity 8020K, committed 8112K, reserved 1048576K
Event: 32.319 GC heap after
Heap after GC invocations=16 (full 3):
 PSYoungGen      total 142336K, used 0K [0x00000000e0000000, 0x00000000ebe80000, 0x0000000100000000)
  eden space 123392K, 0% used [0x00000000e0000000,0x00000000e0000000,0x00000000e7880000)
  from space 18944K, 0% used [0x00000000e7880000,0x00000000e7880000,0x00000000e8b00000)
  to   space 22528K, 0% used [0x00000000ea880000,0x00000000ea880000,0x00000000ebe80000)
 ParOldGen       total 95232K, used 34669K [0x00000000a0000000, 0x00000000a5d00000, 0x00000000e0000000)
  object space 95232K, 36% used [0x00000000a0000000,0x00000000a21db650,0x00000000a5d00000)
 Metaspace       used 57367K, capacity 59060K, committed 59160K, reserved 1099776K
  class space    used 7652K, capacity 8019K, committed 8112K, reserved 1048576K
}
Event: 34.178 GC heap before
{Heap before GC invocations=17 (full 3):
 PSYoungGen      total 142336K, used 123392K [0x00000000e0000000, 0x00000000ebe80000, 0x0000000100000000)
  eden space 123392K, 100% used [0x00000000e0000000,0x00000000e7880000,0x00000000e7880000)
  from space 18944K, 0% used [0x00000000e7880000,0x00000000e7880000,0x00000000e8b00000)
  to   space 22528K, 0% used [0x00000000ea880000,0x00000000ea880000,0x00000000ebe80000)
 ParOldGen       total 95232K, used 34669K [0x00000000a0000000, 0x00000000a5d00000, 0x00000000e0000000)
  object space 95232K, 36% used [0x00000000a0000000,0x00000000a21db650,0x00000000a5d00000)
 Metaspace       used 58030K, capacity 59888K, committed 60208K, reserved 1101824K
  class space    used 7751K, capacity 8143K, committed 8240K, reserved 1048576K
Event: 34.182 GC heap after
Heap after GC invocations=17 (full 3):
 PSYoungGen      total 166400K, used 882K [0x00000000e0000000, 0x00000000ebb80000, 0x0000000100000000)
  eden space 146944K, 0% used [0x00000000e0000000,0x00000000e0000000,0x00000000e8f80000)
  from space 19456K, 4% used [0x00000000ea880000,0x00000000ea95c908,0x00000000ebb80000)
  to   space 22528K, 0% used [0x00000000e8f80000,0x00000000e8f80000,0x00000000ea580000)
 ParOldGen       total 95232K, used 34677K [0x00000000a0000000, 0x00000000a5d00000, 0x00000000e0000000)
  object space 95232K, 36% used [0x00000000a0000000,0x00000000a21dd650,0x00000000a5d00000)
 Metaspace       used 58030K, capacity 59888K, committed 60208K, reserved 1101824K
  class space    used 7751K, capacity 8143K, committed 8240K, reserved 1048576K
}
Event: 38.200 GC heap before
{Heap before GC invocations=18 (full 3):
 PSYoungGen      total 166400K, used 147826K [0x00000000e0000000, 0x00000000ebb80000, 0x0000000100000000)
  eden space 146944K, 100% used [0x00000000e0000000,0x00000000e8f80000,0x00000000e8f80000)
  from space 19456K, 4% used [0x00000000ea880000,0x00000000ea95c908,0x00000000ebb80000)
  to   space 22528K, 0% used [0x00000000e8f80000,0x00000000e8f80000,0x00000000ea580000)
 ParOldGen       total 95232K, used 34677K [0x00000000a0000000, 0x00000000a5d00000, 0x00000000e0000000)
  object space 95232K, 36% used [0x00000000a0000000,0x00000000a21dd650,0x00000000a5d00000)
 Metaspace       used 61409K, capacity 63324K, committed 63536K, reserved 1103872K
  class space    used 8074K, capacity 8487K, committed 8496K, reserved 1048576K
Event: 38.253 GC heap after
Heap after GC invocations=18 (full 3):
 PSYoungGen      total 169472K, used 22496K [0x00000000e0000000, 0x00000000eef00000, 0x0000000100000000)
  eden space 146944K, 0% used [0x00000000e0000000,0x00000000e0000000,0x00000000e8f80000)
  from space 22528K, 99% used [0x00000000e8f80000,0x00000000ea578258,0x00000000ea580000)
  to   space 33280K, 0% used [0x00000000ece80000,0x00000000ece80000,0x00000000eef00000)
 ParOldGen       total 95232K, used 54010K [0x00000000a0000000, 0x00000000a5d00000, 0x00000000e0000000)
  object space 95232K, 56% used [0x00000000a0000000,0x00000000a34bea40,0x00000000a5d00000)
 Metaspace       used 61409K, capacity 63324K, committed 63536K, reserved 1103872K
  class space    used 8074K, capacity 8487K, committed 8496K, reserved 1048576K
}
Event: 42.382 GC heap before
{Heap before GC invocations=19 (full 3):
 PSYoungGen      total 169472K, used 169440K [0x00000000e0000000, 0x00000000eef00000, 0x0000000100000000)
  eden space 146944K, 100% used [0x00000000e0000000,0x00000000e8f80000,0x00000000e8f80000)
  from space 22528K, 99% used [0x00000000e8f80000,0x00000000ea578258,0x00000000ea580000)
  to   space 33280K, 0% used [0x00000000ece80000,0x00000000ece80000,0x00000000eef00000)
 ParOldGen       total 95232K, used 54010K [0x00000000a0000000, 0x00000000a5d00000, 0x00000000e0000000)
  object space 95232K, 56% used [0x00000000a0000000,0x00000000a34bea40,0x00000000a5d00000)
 Metaspace       used 62815K, capacity 64754K, committed 65072K, reserved 1105920K
  class space    used 8239K, capacity 8660K, committed 8752K, reserved 1048576K
Event: 42.436 GC heap after
Heap after GC invocations=19 (full 3):
 PSYoungGen      total 206336K, used 30541K [0x00000000e0000000, 0x00000000efb00000, 0x0000000100000000)
  eden space 173056K, 0% used [0x00000000e0000000,0x00000000e0000000,0x00000000ea900000)
  from space 33280K, 91% used [0x00000000ece80000,0x00000000eec53498,0x00000000eef00000)
  to   space 38400K, 0% used [0x00000000ea900000,0x00000000ea900000,0x00000000ece80000)
 ParOldGen       total 95232K, used 54018K [0x00000000a0000000, 0x00000000a5d00000, 0x00000000e0000000)
  object space 95232K, 56% used [0x00000000a0000000,0x00000000a34c0a40,0x00000000a5d00000)
 Metaspace       used 62815K, capacity 64754K, committed 65072K, reserved 1105920K
  class space    used 8239K, capacity 8660K, committed 8752K, reserved 1048576K
}
Event: 47.478 GC heap before
{Heap before GC invocations=20 (full 3):
 PSYoungGen      total 206336K, used 203597K [0x00000000e0000000, 0x00000000efb00000, 0x0000000100000000)
  eden space 173056K, 100% used [0x00000000e0000000,0x00000000ea900000,0x00000000ea900000)
  from space 33280K, 91% used [0x00000000ece80000,0x00000000eec53498,0x00000000eef00000)
  to   space 38400K, 0% used [0x00000000ea900000,0x00000000ea900000,0x00000000ece80000)
 ParOldGen       total 95232K, used 54018K [0x00000000a0000000, 0x00000000a5d00000, 0x00000000e0000000)
  object space 95232K, 56% used [0x00000000a0000000,0x00000000a34c0a40,0x00000000a5d00000)
 Metaspace       used 62909K, capacity 64840K, committed 65072K, reserved 1105920K
  class space    used 8241K, capacity 8663K, committed 8752K, reserved 1048576K

